[2026-05-27 07:14:13.039] [INFO ] Application starting                                    | 📍 main.go:92 | environment: debug | ⚙️ main.main | log_level: debug | service: service-general
[2026-05-27 07:14:13.041] [DEBUG] Config loaded                                           | cache_enabled: true | 📍 main.go:107 | database_count: 5 | environment: debug | ⚙️ main.main | server_mode: debug | service: service-general
[2026-05-27 07:14:13.041] [INFO ] Minio Object Storage client initialized                 | 📍 main.go:119 | environment: debug | ⚙️ main.main | service: service-general
[2026-05-27 07:14:13.041] [INFO ] Initializing database service with GORM as primary abstraction... | 📍 database.go:192 | environment: debug | ⚙️ service/internal/infrastructure/database.New.func1 | service: service-general
[2026-05-27 07:14:13.061] [INFO ] Successfully connected and configured GORM for database | 📍 database.go:384 | db_name: satudata | environment: debug | ⚙️ service/internal/infrastructure/database.(*service).addDatabase | service: service-general
[2026-05-27 07:14:13.061] [INFO ] Successfully connected to database                      | 📍 database.go:203 | db_name: satudata | environment: debug | ⚙️ service/internal/infrastructure/database.New.func1 | service: service-general
[2026-05-27 07:14:13.063] [INFO ] Successfully connected and configured GORM for database | 📍 database.go:384 | db_name: ris | environment: debug | ⚙️ service/internal/infrastructure/database.(*service).addDatabase | service: service-general
[2026-05-27 07:14:13.063] [INFO ] Successfully connected to database                      | 📍 database.go:203 | db_name: ris | environment: debug | ⚙️ service/internal/infrastructure/database.New.func1 | service: service-general
[2026-05-27 07:14:13.153] [INFO ] Successfully connected and configured GORM for database | 📍 database.go:384 | db_name: farmasi | environment: debug | ⚙️ service/internal/infrastructure/database.(*service).addDatabase | service: service-general
[2026-05-27 07:14:13.153] [INFO ] Successfully connected to database                      | 📍 database.go:203 | db_name: farmasi | environment: debug | ⚙️ service/internal/infrastructure/database.New.func1 | service: service-general
[2026-05-27 07:14:13.162] [INFO ] Successfully connected and configured GORM for database | 📍 database.go:384 | db_name: simrs | environment: debug | ⚙️ service/internal/infrastructure/database.(*service).addDatabase | service: service-general
[2026-05-27 07:14:13.162] [INFO ] Successfully connected to database                      | 📍 database.go:203 | db_name: simrs | environment: debug | ⚙️ service/internal/infrastructure/database.New.func1 | service: service-general
[2026-05-27 07:14:13.170] [INFO ] Successfully connected and configured GORM for database | 📍 database.go:384 | db_name: default | environment: debug | ⚙️ service/internal/infrastructure/database.(*service).addDatabase | service: service-general
[2026-05-27 07:14:13.170] [INFO ] Successfully connected to database                      | 📍 database.go:203 | db_name: default | environment: debug | ⚙️ service/internal/infrastructure/database.New.func1 | service: service-general
[2026-05-27 07:14:13.175] [INFO ] Cache initialized                                       | 📍 main.go:152 | environment: debug | ⚙️ main.main | host: redis | port: 6379 | service: service-general
[2026-05-27 07:14:13.176] [INFO ] Creating authentication providers                       | auth_type: hybrid | 📍 provider.go:69 | environment: debug | fallback_to: jwt | ⚙️ service/internal/infrastructure/transport/http/middleware.(*ProviderFactory).CreateProviders | keycloak_enabled: true | keycloak_issuer: https://auth.rssa.top/realms/Dev | service: service-general | static_tokens_len: 4
[2026-05-27 07:14:13.176] [INFO ] Keycloak provider added for hybrid                      | 📍 provider.go:97 | environment: debug | ⚙️ service/internal/infrastructure/transport/http/middleware.(*ProviderFactory).CreateProviders | service: service-general
[2026-05-27 07:14:13.177] [INFO ] REST API running                                        | 📍 main.go:354 | environment: debug | ⚙️ main.main.func1 | port: 8096 | service: service-general
[2026-05-27 07:14:13.177] [INFO ] Application started successfully                        | 📍 main.go:415 | environment: debug | ⚙️ main.main | service: service-general
[2026-05-27 07:14:13.178] [INFO ] gRPC Server running                                     | 📍 main.go:381 | environment: debug | ⚙️ main.main.func2 | port: 8097 | service: service-general
