[2026-06-20 04:16:21.915] [INFO ] Application starting                                    | 📍 main.go:92 | environment: debug | ⚙️ main.main | log_level: debug | service: service-general
[2026-06-20 04:16:21.916] [DEBUG] Config loaded                                           | cache_enabled: true | 📍 main.go:107 | database_count: 5 | environment: debug | ⚙️ main.main | server_mode: debug | service: service-general
[2026-06-20 04:16:21.916] [INFO ] Minio Object Storage client initialized                 | 📍 main.go:119 | environment: debug | ⚙️ main.main | service: service-general
[2026-06-20 04:16:21.916] [INFO ] Initializing database service with GORM as primary abstraction... | 📍 database.go:192 | environment: debug | ⚙️ service/internal/infrastructure/database.New.func1 | service: service-general
[2026-06-20 04:16:21.924] [INFO ] Successfully connected and configured GORM for database | 📍 database.go:384 | db_name: satudata | environment: debug | ⚙️ service/internal/infrastructure/database.(*service).addDatabase | service: service-general
[2026-06-20 04:16:21.924] [INFO ] Successfully connected to database                      | 📍 database.go:203 | db_name: satudata | environment: debug | ⚙️ service/internal/infrastructure/database.New.func1 | service: service-general
[2026-06-20 04:16:21.926] [INFO ] Successfully connected and configured GORM for database | 📍 database.go:384 | db_name: ris | environment: debug | ⚙️ service/internal/infrastructure/database.(*service).addDatabase | service: service-general
[2026-06-20 04:16:21.926] [INFO ] Successfully connected to database                      | 📍 database.go:203 | db_name: ris | environment: debug | ⚙️ service/internal/infrastructure/database.New.func1 | service: service-general
[2026-06-20 04:16:21.949] [INFO ] Successfully connected and configured GORM for database | 📍 database.go:384 | db_name: farmasi | environment: debug | ⚙️ service/internal/infrastructure/database.(*service).addDatabase | service: service-general
[2026-06-20 04:16:21.949] [INFO ] Successfully connected to database                      | 📍 database.go:203 | db_name: farmasi | environment: debug | ⚙️ service/internal/infrastructure/database.New.func1 | service: service-general
[2026-06-20 04:16:21.957] [INFO ] Successfully connected and configured GORM for database | 📍 database.go:384 | db_name: simrs | environment: debug | ⚙️ service/internal/infrastructure/database.(*service).addDatabase | service: service-general
[2026-06-20 04:16:21.957] [INFO ] Successfully connected to database                      | 📍 database.go:203 | db_name: simrs | environment: debug | ⚙️ service/internal/infrastructure/database.New.func1 | service: service-general
[2026-06-20 04:16:21.964] [INFO ] Successfully connected and configured GORM for database | 📍 database.go:384 | db_name: default | environment: debug | ⚙️ service/internal/infrastructure/database.(*service).addDatabase | service: service-general
[2026-06-20 04:16:21.964] [INFO ] Successfully connected to database                      | 📍 database.go:203 | db_name: default | environment: debug | ⚙️ service/internal/infrastructure/database.New.func1 | service: service-general
[2026-06-20 04:16:21.967] [INFO ] Cache initialized                                       | 📍 main.go:152 | environment: debug | ⚙️ main.main | host: redis | port: 6379 | service: service-general
[2026-06-20 04:16:21.967] [INFO ] Creating authentication providers                       | auth_type: hybrid | 📍 provider.go:69 | environment: debug | fallback_to: jwt | ⚙️ service/internal/infrastructure/transport/http/middleware.(*ProviderFactory).CreateProviders | keycloak_enabled: true | keycloak_issuer: https://auth.rssa.top/realms/Dev | service: service-general | static_tokens_len: 4
[2026-06-20 04:16:21.968] [INFO ] Keycloak provider added for hybrid                      | 📍 provider.go:97 | environment: debug | ⚙️ service/internal/infrastructure/transport/http/middleware.(*ProviderFactory).CreateProviders | service: service-general
[2026-06-20 04:16:21.969] [INFO ] REST API running                                        | 📍 main.go:354 | environment: debug | ⚙️ main.main.func1 | port: 8871 | service: service-general
[2026-06-20 04:16:21.969] [INFO ] Application started successfully                        | 📍 main.go:415 | environment: debug | ⚙️ main.main | service: service-general
[2026-06-20 04:16:21.969] [INFO ] gRPC Server running                                     | 📍 main.go:381 | environment: debug | ⚙️ main.main.func2 | port: 8872 | service: service-general
[2026-06-20 04:26:16.204] [INFO ] Application starting                                    | 📍 main.go:92 | environment: debug | ⚙️ main.main | log_level: debug | service: service-general
[2026-06-20 04:26:16.205] [DEBUG] Config loaded                                           | cache_enabled: true | 📍 main.go:107 | database_count: 5 | environment: debug | ⚙️ main.main | server_mode: debug | service: service-general
[2026-06-20 04:26:16.205] [INFO ] Minio Object Storage client initialized                 | 📍 main.go:119 | environment: debug | ⚙️ main.main | service: service-general
[2026-06-20 04:26:16.205] [INFO ] Initializing database service with GORM as primary abstraction... | 📍 database.go:192 | environment: debug | ⚙️ service/internal/infrastructure/database.New.func1 | service: service-general
[2026-06-20 04:26:16.217] [INFO ] Successfully connected and configured GORM for database | 📍 database.go:384 | db_name: default | environment: debug | ⚙️ service/internal/infrastructure/database.(*service).addDatabase | service: service-general
[2026-06-20 04:26:16.217] [INFO ] Successfully connected to database                      | 📍 database.go:203 | db_name: default | environment: debug | ⚙️ service/internal/infrastructure/database.New.func1 | service: service-general
[2026-06-20 04:26:16.225] [INFO ] Successfully connected and configured GORM for database | 📍 database.go:384 | db_name: satudata | environment: debug | ⚙️ service/internal/infrastructure/database.(*service).addDatabase | service: service-general
[2026-06-20 04:26:16.225] [INFO ] Successfully connected to database                      | 📍 database.go:203 | db_name: satudata | environment: debug | ⚙️ service/internal/infrastructure/database.New.func1 | service: service-general
[2026-06-20 04:26:16.227] [INFO ] Successfully connected and configured GORM for database | 📍 database.go:384 | db_name: ris | environment: debug | ⚙️ service/internal/infrastructure/database.(*service).addDatabase | service: service-general
[2026-06-20 04:26:16.227] [INFO ] Successfully connected to database                      | 📍 database.go:203 | db_name: ris | environment: debug | ⚙️ service/internal/infrastructure/database.New.func1 | service: service-general
[2026-06-20 04:26:16.250] [INFO ] Successfully connected and configured GORM for database | 📍 database.go:384 | db_name: farmasi | environment: debug | ⚙️ service/internal/infrastructure/database.(*service).addDatabase | service: service-general
[2026-06-20 04:26:16.250] [INFO ] Successfully connected to database                      | 📍 database.go:203 | db_name: farmasi | environment: debug | ⚙️ service/internal/infrastructure/database.New.func1 | service: service-general
[2026-06-20 04:26:16.258] [INFO ] Successfully connected and configured GORM for database | 📍 database.go:384 | db_name: simrs | environment: debug | ⚙️ service/internal/infrastructure/database.(*service).addDatabase | service: service-general
[2026-06-20 04:26:16.258] [INFO ] Successfully connected to database                      | 📍 database.go:203 | db_name: simrs | environment: debug | ⚙️ service/internal/infrastructure/database.New.func1 | service: service-general
[2026-06-20 04:26:16.261] [INFO ] Cache initialized                                       | 📍 main.go:152 | environment: debug | ⚙️ main.main | host: redis | port: 6379 | service: service-general
[2026-06-20 04:26:16.262] [INFO ] Creating authentication providers                       | auth_type: hybrid | 📍 provider.go:69 | environment: debug | fallback_to: jwt | ⚙️ service/internal/infrastructure/transport/http/middleware.(*ProviderFactory).CreateProviders | keycloak_enabled: true | keycloak_issuer: https://auth.rssa.top/realms/Dev | service: service-general | static_tokens_len: 4
[2026-06-20 04:26:16.262] [INFO ] Keycloak provider added for hybrid                      | 📍 provider.go:97 | environment: debug | ⚙️ service/internal/infrastructure/transport/http/middleware.(*ProviderFactory).CreateProviders | service: service-general
[2026-06-20 04:26:16.263] [INFO ] REST API running                                        | 📍 main.go:354 | environment: debug | ⚙️ main.main.func1 | port: 8871 | service: service-general
[2026-06-20 04:26:16.264] [INFO ] Application started successfully                        | 📍 main.go:415 | environment: debug | ⚙️ main.main | service: service-general
[2026-06-20 04:26:16.264] [INFO ] gRPC Server running                                     | 📍 main.go:381 | environment: debug | ⚙️ main.main.func2 | port: 8872 | service: service-general
[2026-06-20 04:57:33.835] [INFO ] Application starting                                    | 📍 main.go:92 | environment: debug | ⚙️ main.main | log_level: debug | service: service-general
[2026-06-20 04:57:33.835] [DEBUG] Config loaded                                           | cache_enabled: true | 📍 main.go:107 | database_count: 1 | environment: debug | ⚙️ main.main | server_mode: debug | service: service-general
[2026-06-20 04:57:33.835] [INFO ] Minio Object Storage client initialized                 | 📍 main.go:119 | environment: debug | ⚙️ main.main | service: service-general
[2026-06-20 04:57:33.835] [INFO ] Initializing database service with GORM as primary abstraction... | 📍 database.go:192 | environment: debug | ⚙️ service/internal/infrastructure/database.New.func1 | service: service-general
[2026-06-20 04:57:33.846] [INFO ] Successfully connected and configured GORM for database | 📍 database.go:384 | db_name: default | environment: debug | ⚙️ service/internal/infrastructure/database.(*service).addDatabase | service: service-general
[2026-06-20 04:57:33.846] [INFO ] Successfully connected to database                      | 📍 database.go:203 | db_name: default | environment: debug | ⚙️ service/internal/infrastructure/database.New.func1 | service: service-general
[2026-06-20 04:57:33.849] [INFO ] Cache initialized                                       | 📍 main.go:152 | environment: debug | ⚙️ main.main | host: redis | port: 6379 | service: service-general
[2026-06-20 04:57:33.849] [INFO ] Creating authentication providers                       | auth_type: hybrid | 📍 provider.go:69 | environment: debug | fallback_to: jwt | ⚙️ service/internal/infrastructure/transport/http/middleware.(*ProviderFactory).CreateProviders | keycloak_enabled: true | keycloak_issuer: https://auth.rssa.top/realms/Dev | service: service-general | static_tokens_len: 4
[2026-06-20 04:57:33.849] [INFO ] Keycloak provider added for hybrid                      | 📍 provider.go:97 | environment: debug | ⚙️ service/internal/infrastructure/transport/http/middleware.(*ProviderFactory).CreateProviders | service: service-general
[2026-06-20 04:57:33.851] [INFO ] REST API running                                        | 📍 main.go:354 | environment: debug | ⚙️ main.main.func1 | port: 8871 | service: service-general
[2026-06-20 04:57:33.851] [INFO ] Application started successfully                        | 📍 main.go:415 | environment: debug | ⚙️ main.main | service: service-general
[2026-06-20 04:57:33.851] [INFO ] gRPC Server running                                     | 📍 main.go:381 | environment: debug | ⚙️ main.main.func2 | port: 8872 | service: service-general
