[2026-07-01 11:39:50.126] [INFO ] Application starting                                    | 📍 main.go:92 | environment: debug | ⚙️ main.main | log_level: debug | service: service-general
[2026-07-01 11:39:50.127] [DEBUG] Config loaded                                           | cache_enabled: true | 📍 main.go:107 | database_count: 1 | environment: debug | ⚙️ main.main | server_mode: debug | service: service-general
[2026-07-01 11:39:50.127] [INFO ] Minio Object Storage client initialized                 | 📍 main.go:119 | environment: debug | ⚙️ main.main | service: service-general
[2026-07-01 11:39:50.128] [INFO ] Initializing database service with GORM as primary abstraction... | 📍 database.go:192 | environment: debug | ⚙️ service/internal/infrastructure/database.New.func1 | service: service-general
[2026-07-01 11:39:50.139] [INFO ] Successfully connected and configured GORM for database | 📍 database.go:384 | db_name: default | environment: debug | ⚙️ service/internal/infrastructure/database.(*service).addDatabase | service: service-general
[2026-07-01 11:39:50.139] [INFO ] Successfully connected to database                      | 📍 database.go:203 | db_name: default | environment: debug | ⚙️ service/internal/infrastructure/database.New.func1 | service: service-general
[2026-07-01 11:39:50.144] [INFO ] Cache initialized                                       | 📍 main.go:152 | environment: debug | ⚙️ main.main | host: redis | port: 6379 | service: service-general
[2026-07-01 11:39:50.146] [INFO ] Creating authentication providers                       | auth_type: hybrid | 📍 provider.go:69 | environment: debug | fallback_to: jwt | ⚙️ service/internal/infrastructure/transport/http/middleware.(*ProviderFactory).CreateProviders | keycloak_enabled: true | keycloak_issuer: https://auth.rssa.top/realms/Dev | service: service-general | static_tokens_len: 4
[2026-07-01 11:39:50.146] [INFO ] Keycloak provider added for hybrid                      | 📍 provider.go:97 | environment: debug | ⚙️ service/internal/infrastructure/transport/http/middleware.(*ProviderFactory).CreateProviders | service: service-general
[2026-07-01 11:39:50.147] [INFO ] REST API running                                        | 📍 main.go:354 | environment: debug | ⚙️ main.main.func1 | port: 8871 | service: service-general
[2026-07-01 11:39:50.148] [INFO ] Application started successfully                        | 📍 main.go:415 | environment: debug | ⚙️ main.main | service: service-general
[2026-07-01 11:39:50.148] [INFO ] gRPC Server running                                     | 📍 main.go:381 | environment: debug | ⚙️ main.main.func2 | port: 8872 | service: service-general
[2026-07-01 11:40:07.942] [INFO ] Application starting                                    | 📍 main.go:92 | environment: debug | ⚙️ main.main | log_level: debug | service: service-general
[2026-07-01 11:40:07.943] [DEBUG] Config loaded                                           | cache_enabled: true | 📍 main.go:107 | database_count: 1 | environment: debug | ⚙️ main.main | server_mode: debug | service: service-general
[2026-07-01 11:40:07.943] [INFO ] Minio Object Storage client initialized                 | 📍 main.go:119 | environment: debug | ⚙️ main.main | service: service-general
[2026-07-01 11:40:07.943] [INFO ] Initializing database service with GORM as primary abstraction... | 📍 database.go:192 | environment: debug | ⚙️ service/internal/infrastructure/database.New.func1 | service: service-general
[2026-07-01 11:40:07.951] [INFO ] Successfully connected and configured GORM for database | 📍 database.go:384 | db_name: default | environment: debug | ⚙️ service/internal/infrastructure/database.(*service).addDatabase | service: service-general
[2026-07-01 11:40:07.951] [INFO ] Successfully connected to database                      | 📍 database.go:203 | db_name: default | environment: debug | ⚙️ service/internal/infrastructure/database.New.func1 | service: service-general
[2026-07-01 11:40:07.953] [INFO ] Cache initialized                                       | 📍 main.go:152 | environment: debug | ⚙️ main.main | host: redis | port: 6379 | service: service-general
[2026-07-01 11:40:07.953] [INFO ] Creating authentication providers                       | auth_type: hybrid | 📍 provider.go:69 | environment: debug | fallback_to: jwt | ⚙️ service/internal/infrastructure/transport/http/middleware.(*ProviderFactory).CreateProviders | keycloak_enabled: true | keycloak_issuer: https://auth.rssa.top/realms/Dev | service: service-general | static_tokens_len: 4
[2026-07-01 11:40:07.953] [INFO ] Keycloak provider added for hybrid                      | 📍 provider.go:97 | environment: debug | ⚙️ service/internal/infrastructure/transport/http/middleware.(*ProviderFactory).CreateProviders | service: service-general
[2026-07-01 11:40:07.954] [INFO ] Application started successfully                        | 📍 main.go:415 | environment: debug | ⚙️ main.main | service: service-general
[2026-07-01 11:40:07.954] [INFO ] gRPC Server running                                     | 📍 main.go:381 | environment: debug | ⚙️ main.main.func2 | port: 8872 | service: service-general
[2026-07-01 11:40:07.954] [INFO ] REST API running                                        | 📍 main.go:354 | environment: debug | ⚙️ main.main.func1 | port: 8871 | service: service-general
[2026-07-01 11:40:27.196] [INFO ] Application starting                                    | 📍 main.go:92 | environment: debug | ⚙️ main.main | log_level: debug | service: service-general
[2026-07-01 11:40:27.197] [DEBUG] Config loaded                                           | cache_enabled: true | 📍 main.go:107 | database_count: 1 | environment: debug | ⚙️ main.main | server_mode: debug | service: service-general
[2026-07-01 11:40:27.197] [INFO ] Minio Object Storage client initialized                 | 📍 main.go:119 | environment: debug | ⚙️ main.main | service: service-general
[2026-07-01 11:40:27.197] [INFO ] Initializing database service with GORM as primary abstraction... | 📍 database.go:192 | environment: debug | ⚙️ service/internal/infrastructure/database.New.func1 | service: service-general
[2026-07-01 11:40:27.205] [INFO ] Successfully connected and configured GORM for database | 📍 database.go:384 | db_name: default | environment: debug | ⚙️ service/internal/infrastructure/database.(*service).addDatabase | service: service-general
[2026-07-01 11:40:27.205] [INFO ] Successfully connected to database                      | 📍 database.go:203 | db_name: default | environment: debug | ⚙️ service/internal/infrastructure/database.New.func1 | service: service-general
[2026-07-01 11:40:27.206] [INFO ] Cache initialized                                       | 📍 main.go:152 | environment: debug | ⚙️ main.main | host: redis | port: 6379 | service: service-general
[2026-07-01 11:40:27.207] [INFO ] Creating authentication providers                       | auth_type: hybrid | 📍 provider.go:69 | environment: debug | fallback_to: jwt | ⚙️ service/internal/infrastructure/transport/http/middleware.(*ProviderFactory).CreateProviders | keycloak_enabled: true | keycloak_issuer: https://auth.rssa.top/realms/Dev | service: service-general | static_tokens_len: 4
[2026-07-01 11:40:27.207] [INFO ] Keycloak provider added for hybrid                      | 📍 provider.go:97 | environment: debug | ⚙️ service/internal/infrastructure/transport/http/middleware.(*ProviderFactory).CreateProviders | service: service-general
[2026-07-01 11:40:27.207] [INFO ] Application started successfully                        | 📍 main.go:415 | environment: debug | ⚙️ main.main | service: service-general
[2026-07-01 11:40:27.208] [INFO ] gRPC Server running                                     | 📍 main.go:381 | environment: debug | ⚙️ main.main.func2 | port: 8872 | service: service-general
[2026-07-01 11:40:27.208] [INFO ] REST API running                                        | 📍 main.go:354 | environment: debug | ⚙️ main.main.func1 | port: 8871 | service: service-general
[2026-07-01 11:40:41.974] [INFO ] Application starting                                    | 📍 main.go:92 | environment: debug | ⚙️ main.main | log_level: debug | service: service-general
[2026-07-01 11:40:41.975] [DEBUG] Config loaded                                           | cache_enabled: true | 📍 main.go:107 | database_count: 1 | environment: debug | ⚙️ main.main | server_mode: debug | service: service-general
[2026-07-01 11:40:41.975] [INFO ] Minio Object Storage client initialized                 | 📍 main.go:119 | environment: debug | ⚙️ main.main | service: service-general
[2026-07-01 11:40:41.975] [INFO ] Initializing database service with GORM as primary abstraction... | 📍 database.go:192 | environment: debug | ⚙️ service/internal/infrastructure/database.New.func1 | service: service-general
[2026-07-01 11:40:41.983] [INFO ] Successfully connected and configured GORM for database | 📍 database.go:384 | db_name: default | environment: debug | ⚙️ service/internal/infrastructure/database.(*service).addDatabase | service: service-general
[2026-07-01 11:40:41.983] [INFO ] Successfully connected to database                      | 📍 database.go:203 | db_name: default | environment: debug | ⚙️ service/internal/infrastructure/database.New.func1 | service: service-general
[2026-07-01 11:40:41.984] [INFO ] Cache initialized                                       | 📍 main.go:152 | environment: debug | ⚙️ main.main | host: redis | port: 6379 | service: service-general
[2026-07-01 11:40:41.985] [INFO ] Creating authentication providers                       | auth_type: hybrid | 📍 provider.go:69 | environment: debug | fallback_to: jwt | ⚙️ service/internal/infrastructure/transport/http/middleware.(*ProviderFactory).CreateProviders | keycloak_enabled: true | keycloak_issuer: https://auth.rssa.top/realms/Dev | service: service-general | static_tokens_len: 4
[2026-07-01 11:40:41.985] [INFO ] Keycloak provider added for hybrid                      | 📍 provider.go:97 | environment: debug | ⚙️ service/internal/infrastructure/transport/http/middleware.(*ProviderFactory).CreateProviders | service: service-general
[2026-07-01 11:40:41.986] [INFO ] Application started successfully                        | 📍 main.go:415 | environment: debug | ⚙️ main.main | service: service-general
[2026-07-01 11:40:41.986] [INFO ] gRPC Server running                                     | 📍 main.go:381 | environment: debug | ⚙️ main.main.func2 | port: 8872 | service: service-general
[2026-07-01 11:40:41.986] [INFO ] REST API running                                        | 📍 main.go:354 | environment: debug | ⚙️ main.main.func1 | port: 8871 | service: service-general
[2026-07-01 11:41:37.568] [INFO ] Application starting                                    | 📍 main.go:92 | environment: debug | ⚙️ main.main | log_level: debug | service: service-general
[2026-07-01 11:41:37.569] [DEBUG] Config loaded                                           | cache_enabled: true | 📍 main.go:107 | database_count: 1 | environment: debug | ⚙️ main.main | server_mode: debug | service: service-general
[2026-07-01 11:41:37.569] [INFO ] Minio Object Storage client initialized                 | 📍 main.go:119 | environment: debug | ⚙️ main.main | service: service-general
[2026-07-01 11:41:37.569] [INFO ] Initializing database service with GORM as primary abstraction... | 📍 database.go:192 | environment: debug | ⚙️ service/internal/infrastructure/database.New.func1 | service: service-general
[2026-07-01 11:41:37.578] [INFO ] Successfully connected and configured GORM for database | 📍 database.go:384 | db_name: default | environment: debug | ⚙️ service/internal/infrastructure/database.(*service).addDatabase | service: service-general
[2026-07-01 11:41:37.578] [INFO ] Successfully connected to database                      | 📍 database.go:203 | db_name: default | environment: debug | ⚙️ service/internal/infrastructure/database.New.func1 | service: service-general
[2026-07-01 11:41:37.581] [INFO ] Cache initialized                                       | 📍 main.go:152 | environment: debug | ⚙️ main.main | host: redis | port: 6379 | service: service-general
[2026-07-01 11:41:37.581] [INFO ] Creating authentication providers                       | auth_type: hybrid | 📍 provider.go:69 | environment: debug | fallback_to: jwt | ⚙️ service/internal/infrastructure/transport/http/middleware.(*ProviderFactory).CreateProviders | keycloak_enabled: true | keycloak_issuer: https://auth.rssa.top/realms/Dev | service: service-general | static_tokens_len: 4
[2026-07-01 11:41:37.581] [INFO ] Keycloak provider added for hybrid                      | 📍 provider.go:97 | environment: debug | ⚙️ service/internal/infrastructure/transport/http/middleware.(*ProviderFactory).CreateProviders | service: service-general
[2026-07-01 11:41:37.583] [INFO ] REST API running                                        | 📍 main.go:354 | environment: debug | ⚙️ main.main.func1 | port: 8871 | service: service-general
[2026-07-01 11:41:37.583] [INFO ] Application started successfully                        | 📍 main.go:415 | environment: debug | ⚙️ main.main | service: service-general
[2026-07-01 11:41:37.583] [INFO ] gRPC Server running                                     | 📍 main.go:381 | environment: debug | ⚙️ main.main.func2 | port: 8872 | service: service-general
[2026-07-01 11:42:10.135] [INFO ] Application starting                                    | 📍 main.go:92 | environment: debug | ⚙️ main.main | log_level: debug | service: service-general
[2026-07-01 11:42:10.135] [DEBUG] Config loaded                                           | cache_enabled: true | 📍 main.go:107 | database_count: 1 | environment: debug | ⚙️ main.main | server_mode: debug | service: service-general
[2026-07-01 11:42:10.135] [INFO ] Minio Object Storage client initialized                 | 📍 main.go:119 | environment: debug | ⚙️ main.main | service: service-general
[2026-07-01 11:42:10.135] [INFO ] Initializing database service with GORM as primary abstraction... | 📍 database.go:192 | environment: debug | ⚙️ service/internal/infrastructure/database.New.func1 | service: service-general
[2026-07-01 11:42:10.142] [INFO ] Successfully connected and configured GORM for database | 📍 database.go:384 | db_name: default | environment: debug | ⚙️ service/internal/infrastructure/database.(*service).addDatabase | service: service-general
[2026-07-01 11:42:10.142] [INFO ] Successfully connected to database                      | 📍 database.go:203 | db_name: default | environment: debug | ⚙️ service/internal/infrastructure/database.New.func1 | service: service-general
[2026-07-01 11:42:10.144] [INFO ] Cache initialized                                       | 📍 main.go:152 | environment: debug | ⚙️ main.main | host: redis | port: 6379 | service: service-general
[2026-07-01 11:42:10.144] [INFO ] Creating authentication providers                       | auth_type: hybrid | 📍 provider.go:69 | environment: debug | fallback_to: jwt | ⚙️ service/internal/infrastructure/transport/http/middleware.(*ProviderFactory).CreateProviders | keycloak_enabled: true | keycloak_issuer: https://auth.rssa.top/realms/Dev | service: service-general | static_tokens_len: 4
[2026-07-01 11:42:10.144] [INFO ] Keycloak provider added for hybrid                      | 📍 provider.go:97 | environment: debug | ⚙️ service/internal/infrastructure/transport/http/middleware.(*ProviderFactory).CreateProviders | service: service-general
[2026-07-01 11:42:10.145] [INFO ] Application started successfully                        | 📍 main.go:415 | environment: debug | ⚙️ main.main | service: service-general
[2026-07-01 11:42:10.145] [INFO ] gRPC Server running                                     | 📍 main.go:381 | environment: debug | ⚙️ main.main.func2 | port: 8872 | service: service-general
[2026-07-01 11:42:10.145] [INFO ] REST API running                                        | 📍 main.go:354 | environment: debug | ⚙️ main.main.func1 | port: 8871 | service: service-general
[2026-07-01 11:42:29.385] [INFO ] Application starting                                    | 📍 main.go:92 | environment: debug | ⚙️ main.main | log_level: debug | service: service-general
[2026-07-01 11:42:29.385] [DEBUG] Config loaded                                           | cache_enabled: true | 📍 main.go:107 | database_count: 1 | environment: debug | ⚙️ main.main | server_mode: debug | service: service-general
[2026-07-01 11:42:29.386] [INFO ] Minio Object Storage client initialized                 | 📍 main.go:119 | environment: debug | ⚙️ main.main | service: service-general
[2026-07-01 11:42:29.386] [INFO ] Initializing database service with GORM as primary abstraction... | 📍 database.go:192 | environment: debug | ⚙️ service/internal/infrastructure/database.New.func1 | service: service-general
[2026-07-01 11:42:29.395] [INFO ] Successfully connected and configured GORM for database | 📍 database.go:384 | db_name: default | environment: debug | ⚙️ service/internal/infrastructure/database.(*service).addDatabase | service: service-general
[2026-07-01 11:42:29.395] [INFO ] Successfully connected to database                      | 📍 database.go:203 | db_name: default | environment: debug | ⚙️ service/internal/infrastructure/database.New.func1 | service: service-general
[2026-07-01 11:42:29.398] [INFO ] Cache initialized                                       | 📍 main.go:152 | environment: debug | ⚙️ main.main | host: redis | port: 6379 | service: service-general
[2026-07-01 11:42:29.399] [INFO ] Creating authentication providers                       | auth_type: hybrid | 📍 provider.go:69 | environment: debug | fallback_to: jwt | ⚙️ service/internal/infrastructure/transport/http/middleware.(*ProviderFactory).CreateProviders | keycloak_enabled: true | keycloak_issuer: https://auth.rssa.top/realms/Dev | service: service-general | static_tokens_len: 4
[2026-07-01 11:42:29.399] [INFO ] Keycloak provider added for hybrid                      | 📍 provider.go:97 | environment: debug | ⚙️ service/internal/infrastructure/transport/http/middleware.(*ProviderFactory).CreateProviders | service: service-general
[2026-07-01 11:42:29.401] [INFO ] REST API running                                        | 📍 main.go:354 | environment: debug | ⚙️ main.main.func1 | port: 8871 | service: service-general
[2026-07-01 11:42:29.401] [INFO ] Application started successfully                        | 📍 main.go:415 | environment: debug | ⚙️ main.main | service: service-general
[2026-07-01 11:42:29.401] [INFO ] gRPC Server running                                     | 📍 main.go:381 | environment: debug | ⚙️ main.main.func2 | port: 8872 | service: service-general
[2026-07-01 11:42:50.236] [INFO ] Application starting                                    | 📍 main.go:92 | environment: debug | ⚙️ main.main | log_level: debug | service: service-general
[2026-07-01 11:42:50.236] [DEBUG] Config loaded                                           | cache_enabled: true | 📍 main.go:107 | database_count: 1 | environment: debug | ⚙️ main.main | server_mode: debug | service: service-general
[2026-07-01 11:42:50.237] [INFO ] Minio Object Storage client initialized                 | 📍 main.go:119 | environment: debug | ⚙️ main.main | service: service-general
[2026-07-01 11:42:50.237] [INFO ] Initializing database service with GORM as primary abstraction... | 📍 database.go:192 | environment: debug | ⚙️ service/internal/infrastructure/database.New.func1 | service: service-general
[2026-07-01 11:42:50.245] [INFO ] Successfully connected and configured GORM for database | 📍 database.go:384 | db_name: default | environment: debug | ⚙️ service/internal/infrastructure/database.(*service).addDatabase | service: service-general
[2026-07-01 11:42:50.245] [INFO ] Successfully connected to database                      | 📍 database.go:203 | db_name: default | environment: debug | ⚙️ service/internal/infrastructure/database.New.func1 | service: service-general
[2026-07-01 11:42:50.247] [INFO ] Cache initialized                                       | 📍 main.go:152 | environment: debug | ⚙️ main.main | host: redis | port: 6379 | service: service-general
[2026-07-01 11:42:50.247] [INFO ] Creating authentication providers                       | auth_type: hybrid | 📍 provider.go:69 | environment: debug | fallback_to: jwt | ⚙️ service/internal/infrastructure/transport/http/middleware.(*ProviderFactory).CreateProviders | keycloak_enabled: true | keycloak_issuer: https://auth.rssa.top/realms/Dev | service: service-general | static_tokens_len: 4
[2026-07-01 11:42:50.247] [INFO ] Keycloak provider added for hybrid                      | 📍 provider.go:97 | environment: debug | ⚙️ service/internal/infrastructure/transport/http/middleware.(*ProviderFactory).CreateProviders | service: service-general
[2026-07-01 11:42:50.249] [INFO ] Application started successfully                        | 📍 main.go:415 | environment: debug | ⚙️ main.main | service: service-general
[2026-07-01 11:42:50.249] [INFO ] gRPC Server running                                     | 📍 main.go:381 | environment: debug | ⚙️ main.main.func2 | port: 8872 | service: service-general
[2026-07-01 11:42:50.249] [INFO ] REST API running                                        | 📍 main.go:354 | environment: debug | ⚙️ main.main.func1 | port: 8871 | service: service-general
[2026-07-01 11:43:16.184] [INFO ] Application starting                                    | 📍 main.go:92 | environment: debug | ⚙️ main.main | log_level: debug | service: service-general
[2026-07-01 11:43:16.184] [DEBUG] Config loaded                                           | cache_enabled: true | 📍 main.go:107 | database_count: 1 | environment: debug | ⚙️ main.main | server_mode: debug | service: service-general
[2026-07-01 11:43:16.184] [INFO ] Minio Object Storage client initialized                 | 📍 main.go:119 | environment: debug | ⚙️ main.main | service: service-general
[2026-07-01 11:43:16.184] [INFO ] Initializing database service with GORM as primary abstraction... | 📍 database.go:192 | environment: debug | ⚙️ service/internal/infrastructure/database.New.func1 | service: service-general
[2026-07-01 11:43:16.193] [INFO ] Successfully connected and configured GORM for database | 📍 database.go:384 | db_name: default | environment: debug | ⚙️ service/internal/infrastructure/database.(*service).addDatabase | service: service-general
[2026-07-01 11:43:16.194] [INFO ] Successfully connected to database                      | 📍 database.go:203 | db_name: default | environment: debug | ⚙️ service/internal/infrastructure/database.New.func1 | service: service-general
[2026-07-01 11:43:16.196] [INFO ] Cache initialized                                       | 📍 main.go:152 | environment: debug | ⚙️ main.main | host: redis | port: 6379 | service: service-general
[2026-07-01 11:43:16.196] [INFO ] Creating authentication providers                       | auth_type: hybrid | 📍 provider.go:69 | environment: debug | fallback_to: jwt | ⚙️ service/internal/infrastructure/transport/http/middleware.(*ProviderFactory).CreateProviders | keycloak_enabled: true | keycloak_issuer: https://auth.rssa.top/realms/Dev | service: service-general | static_tokens_len: 4
[2026-07-01 11:43:16.197] [INFO ] Keycloak provider added for hybrid                      | 📍 provider.go:97 | environment: debug | ⚙️ service/internal/infrastructure/transport/http/middleware.(*ProviderFactory).CreateProviders | service: service-general
[2026-07-01 11:43:16.198] [INFO ] REST API running                                        | 📍 main.go:354 | environment: debug | ⚙️ main.main.func1 | port: 8871 | service: service-general
[2026-07-01 11:43:16.198] [INFO ] Application started successfully                        | 📍 main.go:415 | environment: debug | ⚙️ main.main | service: service-general
[2026-07-01 11:43:16.199] [INFO ] gRPC Server running                                     | 📍 main.go:381 | environment: debug | ⚙️ main.main.func2 | port: 8872 | service: service-general
[2026-07-01 11:43:31.083] [INFO ] Application starting                                    | 📍 main.go:92 | environment: debug | ⚙️ main.main | log_level: debug | service: service-general
[2026-07-01 11:43:31.084] [DEBUG] Config loaded                                           | cache_enabled: true | 📍 main.go:107 | database_count: 1 | environment: debug | ⚙️ main.main | server_mode: debug | service: service-general
[2026-07-01 11:43:31.084] [INFO ] Minio Object Storage client initialized                 | 📍 main.go:119 | environment: debug | ⚙️ main.main | service: service-general
[2026-07-01 11:43:31.084] [INFO ] Initializing database service with GORM as primary abstraction... | 📍 database.go:192 | environment: debug | ⚙️ service/internal/infrastructure/database.New.func1 | service: service-general
[2026-07-01 11:43:31.094] [INFO ] Successfully connected and configured GORM for database | 📍 database.go:384 | db_name: default | environment: debug | ⚙️ service/internal/infrastructure/database.(*service).addDatabase | service: service-general
[2026-07-01 11:43:31.094] [INFO ] Successfully connected to database                      | 📍 database.go:203 | db_name: default | environment: debug | ⚙️ service/internal/infrastructure/database.New.func1 | service: service-general
[2026-07-01 11:43:31.097] [INFO ] Cache initialized                                       | 📍 main.go:152 | environment: debug | ⚙️ main.main | host: redis | port: 6379 | service: service-general
[2026-07-01 11:43:31.097] [INFO ] Creating authentication providers                       | auth_type: hybrid | 📍 provider.go:69 | environment: debug | fallback_to: jwt | ⚙️ service/internal/infrastructure/transport/http/middleware.(*ProviderFactory).CreateProviders | keycloak_enabled: true | keycloak_issuer: https://auth.rssa.top/realms/Dev | service: service-general | static_tokens_len: 4
[2026-07-01 11:43:31.097] [INFO ] Keycloak provider added for hybrid                      | 📍 provider.go:97 | environment: debug | ⚙️ service/internal/infrastructure/transport/http/middleware.(*ProviderFactory).CreateProviders | service: service-general
[2026-07-01 11:43:31.099] [INFO ] REST API running                                        | 📍 main.go:354 | environment: debug | ⚙️ main.main.func1 | port: 8871 | service: service-general
[2026-07-01 11:43:31.099] [INFO ] Application started successfully                        | 📍 main.go:415 | environment: debug | ⚙️ main.main | service: service-general
[2026-07-01 11:43:31.099] [INFO ] gRPC Server running                                     | 📍 main.go:381 | environment: debug | ⚙️ main.main.func2 | port: 8872 | service: service-general
[2026-07-01 11:43:56.461] [INFO ] Application starting                                    | 📍 main.go:92 | environment: debug | ⚙️ main.main | log_level: debug | service: service-general
[2026-07-01 11:43:56.461] [DEBUG] Config loaded                                           | cache_enabled: true | 📍 main.go:107 | database_count: 1 | environment: debug | ⚙️ main.main | server_mode: debug | service: service-general
[2026-07-01 11:43:56.461] [INFO ] Minio Object Storage client initialized                 | 📍 main.go:119 | environment: debug | ⚙️ main.main | service: service-general
[2026-07-01 11:43:56.461] [INFO ] Initializing database service with GORM as primary abstraction... | 📍 database.go:192 | environment: debug | ⚙️ service/internal/infrastructure/database.New.func1 | service: service-general
[2026-07-01 11:43:56.470] [INFO ] Successfully connected and configured GORM for database | 📍 database.go:384 | db_name: default | environment: debug | ⚙️ service/internal/infrastructure/database.(*service).addDatabase | service: service-general
[2026-07-01 11:43:56.470] [INFO ] Successfully connected to database                      | 📍 database.go:203 | db_name: default | environment: debug | ⚙️ service/internal/infrastructure/database.New.func1 | service: service-general
[2026-07-01 11:43:56.472] [INFO ] Cache initialized                                       | 📍 main.go:152 | environment: debug | ⚙️ main.main | host: redis | port: 6379 | service: service-general
[2026-07-01 11:43:56.472] [INFO ] Creating authentication providers                       | auth_type: hybrid | 📍 provider.go:69 | environment: debug | fallback_to: jwt | ⚙️ service/internal/infrastructure/transport/http/middleware.(*ProviderFactory).CreateProviders | keycloak_enabled: true | keycloak_issuer: https://auth.rssa.top/realms/Dev | service: service-general | static_tokens_len: 4
[2026-07-01 11:43:56.472] [INFO ] Keycloak provider added for hybrid                      | 📍 provider.go:97 | environment: debug | ⚙️ service/internal/infrastructure/transport/http/middleware.(*ProviderFactory).CreateProviders | service: service-general
[2026-07-01 11:43:56.473] [INFO ] Application started successfully                        | 📍 main.go:415 | environment: debug | ⚙️ main.main | service: service-general
[2026-07-01 11:43:56.473] [INFO ] gRPC Server running                                     | 📍 main.go:381 | environment: debug | ⚙️ main.main.func2 | port: 8872 | service: service-general
[2026-07-01 11:43:56.473] [INFO ] REST API running                                        | 📍 main.go:354 | environment: debug | ⚙️ main.main.func1 | port: 8871 | service: service-general
[2026-07-01 11:44:14.019] [INFO ] Application starting                                    | 📍 main.go:92 | environment: debug | ⚙️ main.main | log_level: debug | service: service-general
[2026-07-01 11:44:14.019] [DEBUG] Config loaded                                           | cache_enabled: true | 📍 main.go:107 | database_count: 1 | environment: debug | ⚙️ main.main | server_mode: debug | service: service-general
[2026-07-01 11:44:14.019] [INFO ] Minio Object Storage client initialized                 | 📍 main.go:119 | environment: debug | ⚙️ main.main | service: service-general
[2026-07-01 11:44:14.019] [INFO ] Initializing database service with GORM as primary abstraction... | 📍 database.go:192 | environment: debug | ⚙️ service/internal/infrastructure/database.New.func1 | service: service-general
[2026-07-01 11:44:14.027] [INFO ] Successfully connected and configured GORM for database | 📍 database.go:384 | db_name: default | environment: debug | ⚙️ service/internal/infrastructure/database.(*service).addDatabase | service: service-general
[2026-07-01 11:44:14.027] [INFO ] Successfully connected to database                      | 📍 database.go:203 | db_name: default | environment: debug | ⚙️ service/internal/infrastructure/database.New.func1 | service: service-general
[2026-07-01 11:44:14.029] [INFO ] Cache initialized                                       | 📍 main.go:152 | environment: debug | ⚙️ main.main | host: redis | port: 6379 | service: service-general
[2026-07-01 11:44:14.029] [INFO ] Creating authentication providers                       | auth_type: hybrid | 📍 provider.go:69 | environment: debug | fallback_to: jwt | ⚙️ service/internal/infrastructure/transport/http/middleware.(*ProviderFactory).CreateProviders | keycloak_enabled: true | keycloak_issuer: https://auth.rssa.top/realms/Dev | service: service-general | static_tokens_len: 4
[2026-07-01 11:44:14.029] [INFO ] Keycloak provider added for hybrid                      | 📍 provider.go:97 | environment: debug | ⚙️ service/internal/infrastructure/transport/http/middleware.(*ProviderFactory).CreateProviders | service: service-general
[2026-07-01 11:44:14.030] [INFO ] Application started successfully                        | 📍 main.go:415 | environment: debug | ⚙️ main.main | service: service-general
[2026-07-01 11:44:14.030] [INFO ] REST API running                                        | 📍 main.go:354 | environment: debug | ⚙️ main.main.func1 | port: 8871 | service: service-general
[2026-07-01 11:44:14.031] [INFO ] gRPC Server running                                     | 📍 main.go:381 | environment: debug | ⚙️ main.main.func2 | port: 8872 | service: service-general
[2026-07-01 11:44:24.605] [INFO ] Application starting                                    | 📍 main.go:93 | environment: debug | ⚙️ main.main | log_level: debug | service: service-general
[2026-07-01 11:44:24.605] [DEBUG] Config loaded                                           | cache_enabled: true | 📍 main.go:108 | database_count: 1 | environment: debug | ⚙️ main.main | server_mode: debug | service: service-general
[2026-07-01 11:44:24.605] [INFO ] Minio Object Storage client initialized                 | 📍 main.go:120 | environment: debug | ⚙️ main.main | service: service-general
[2026-07-01 11:44:24.605] [INFO ] Initializing database service with GORM as primary abstraction... | 📍 database.go:192 | environment: debug | ⚙️ service/internal/infrastructure/database.New.func1 | service: service-general
[2026-07-01 11:44:24.614] [INFO ] Successfully connected and configured GORM for database | 📍 database.go:384 | db_name: default | environment: debug | ⚙️ service/internal/infrastructure/database.(*service).addDatabase | service: service-general
[2026-07-01 11:44:24.614] [INFO ] Successfully connected to database                      | 📍 database.go:203 | db_name: default | environment: debug | ⚙️ service/internal/infrastructure/database.New.func1 | service: service-general
[2026-07-01 11:44:24.617] [INFO ] Cache initialized                                       | 📍 main.go:153 | environment: debug | ⚙️ main.main | host: redis | port: 6379 | service: service-general
[2026-07-01 11:44:24.617] [INFO ] Creating authentication providers                       | auth_type: hybrid | 📍 provider.go:69 | environment: debug | fallback_to: jwt | ⚙️ service/internal/infrastructure/transport/http/middleware.(*ProviderFactory).CreateProviders | keycloak_enabled: true | keycloak_issuer: https://auth.rssa.top/realms/Dev | service: service-general | static_tokens_len: 4
[2026-07-01 11:44:24.617] [INFO ] Keycloak provider added for hybrid                      | 📍 provider.go:97 | environment: debug | ⚙️ service/internal/infrastructure/transport/http/middleware.(*ProviderFactory).CreateProviders | service: service-general
[2026-07-01 11:44:24.619] [INFO ] REST API running                                        | 📍 main.go:359 | environment: debug | ⚙️ main.main.func1 | port: 8871 | service: service-general
[2026-07-01 11:44:24.619] [INFO ] Application started successfully                        | 📍 main.go:420 | environment: debug | ⚙️ main.main | service: service-general
[2026-07-01 11:44:24.620] [INFO ] gRPC Server running                                     | 📍 main.go:386 | environment: debug | ⚙️ main.main.func2 | port: 8872 | service: service-general
[2026-07-01 21:28:39.745] [INFO ] Application starting                                    | 📍 main.go:93 | environment: debug | ⚙️ main.main | log_level: debug | service: service-general
[2026-07-01 21:28:39.745] [DEBUG] Config loaded                                           | cache_enabled: true | 📍 main.go:108 | database_count: 1 | environment: debug | ⚙️ main.main | server_mode: debug | service: service-general
[2026-07-01 21:28:39.746] [INFO ] Minio Object Storage client initialized                 | 📍 main.go:120 | environment: debug | ⚙️ main.main | service: service-general
[2026-07-01 21:28:39.746] [INFO ] Initializing database service with GORM as primary abstraction... | 📍 database.go:192 | environment: debug | ⚙️ service/internal/infrastructure/database.New.func1 | service: service-general
[2026-07-01 21:28:39.757] [INFO ] Successfully connected and configured GORM for database | 📍 database.go:384 | db_name: default | environment: debug | ⚙️ service/internal/infrastructure/database.(*service).addDatabase | service: service-general
[2026-07-01 21:28:39.757] [INFO ] Successfully connected to database                      | 📍 database.go:203 | db_name: default | environment: debug | ⚙️ service/internal/infrastructure/database.New.func1 | service: service-general
[2026-07-01 21:28:39.764] [INFO ] Cache initialized                                       | 📍 main.go:153 | environment: debug | ⚙️ main.main | host: redis | port: 6379 | service: service-general
[2026-07-01 21:28:39.765] [INFO ] Creating authentication providers                       | auth_type: hybrid | 📍 provider.go:69 | environment: debug | fallback_to: jwt | ⚙️ service/internal/infrastructure/transport/http/middleware.(*ProviderFactory).CreateProviders | keycloak_enabled: true | keycloak_issuer: https://auth.rssa.top/realms/Dev | service: service-general | static_tokens_len: 4
[2026-07-01 21:28:39.765] [INFO ] Keycloak provider added for hybrid                      | 📍 provider.go:97 | environment: debug | ⚙️ service/internal/infrastructure/transport/http/middleware.(*ProviderFactory).CreateProviders | service: service-general
[2026-07-01 21:28:39.767] [INFO ] REST API running                                        | 📍 main.go:359 | environment: debug | ⚙️ main.main.func1 | port: 8871 | service: service-general
[2026-07-01 21:28:39.767] [INFO ] Application started successfully                        | 📍 main.go:420 | environment: debug | ⚙️ main.main | service: service-general
[2026-07-01 21:28:39.767] [INFO ] gRPC Server running                                     | 📍 main.go:386 | environment: debug | ⚙️ main.main.func2 | port: 8872 | service: service-general
[2026-07-01 21:28:57.556] [INFO ] Application starting                                    | 📍 main.go:93 | environment: debug | ⚙️ main.main | log_level: debug | service: service-general
[2026-07-01 21:28:57.556] [DEBUG] Config loaded                                           | cache_enabled: true | 📍 main.go:108 | database_count: 1 | environment: debug | ⚙️ main.main | server_mode: debug | service: service-general
[2026-07-01 21:28:57.556] [INFO ] Minio Object Storage client initialized                 | 📍 main.go:120 | environment: debug | ⚙️ main.main | service: service-general
[2026-07-01 21:28:57.556] [INFO ] Initializing database service with GORM as primary abstraction... | 📍 database.go:192 | environment: debug | ⚙️ service/internal/infrastructure/database.New.func1 | service: service-general
[2026-07-01 21:28:57.565] [INFO ] Successfully connected and configured GORM for database | 📍 database.go:384 | db_name: default | environment: debug | ⚙️ service/internal/infrastructure/database.(*service).addDatabase | service: service-general
[2026-07-01 21:28:57.565] [INFO ] Successfully connected to database                      | 📍 database.go:203 | db_name: default | environment: debug | ⚙️ service/internal/infrastructure/database.New.func1 | service: service-general
[2026-07-01 21:28:57.567] [INFO ] Cache initialized                                       | 📍 main.go:153 | environment: debug | ⚙️ main.main | host: redis | port: 6379 | service: service-general
[2026-07-01 21:28:57.567] [INFO ] Creating authentication providers                       | auth_type: hybrid | 📍 provider.go:69 | environment: debug | fallback_to: jwt | ⚙️ service/internal/infrastructure/transport/http/middleware.(*ProviderFactory).CreateProviders | keycloak_enabled: true | keycloak_issuer: https://auth.rssa.top/realms/Dev | service: service-general | static_tokens_len: 4
[2026-07-01 21:28:57.567] [INFO ] Keycloak provider added for hybrid                      | 📍 provider.go:97 | environment: debug | ⚙️ service/internal/infrastructure/transport/http/middleware.(*ProviderFactory).CreateProviders | service: service-general
[2026-07-01 21:28:57.568] [INFO ] Application started successfully                        | 📍 main.go:420 | environment: debug | ⚙️ main.main | service: service-general
[2026-07-01 21:28:57.568] [INFO ] gRPC Server running                                     | 📍 main.go:386 | environment: debug | ⚙️ main.main.func2 | port: 8872 | service: service-general
[2026-07-01 21:28:57.568] [INFO ] REST API running                                        | 📍 main.go:359 | environment: debug | ⚙️ main.main.func1 | port: 8871 | service: service-general
[2026-07-01 21:29:13.258] [INFO ] Application starting                                    | 📍 main.go:93 | environment: debug | ⚙️ main.main | log_level: debug | service: service-general
[2026-07-01 21:29:13.258] [DEBUG] Config loaded                                           | cache_enabled: true | 📍 main.go:108 | database_count: 1 | environment: debug | ⚙️ main.main | server_mode: debug | service: service-general
[2026-07-01 21:29:13.258] [INFO ] Minio Object Storage client initialized                 | 📍 main.go:120 | environment: debug | ⚙️ main.main | service: service-general
[2026-07-01 21:29:13.259] [INFO ] Initializing database service with GORM as primary abstraction... | 📍 database.go:192 | environment: debug | ⚙️ service/internal/infrastructure/database.New.func1 | service: service-general
[2026-07-01 21:29:13.267] [INFO ] Successfully connected and configured GORM for database | 📍 database.go:384 | db_name: default | environment: debug | ⚙️ service/internal/infrastructure/database.(*service).addDatabase | service: service-general
[2026-07-01 21:29:13.267] [INFO ] Successfully connected to database                      | 📍 database.go:203 | db_name: default | environment: debug | ⚙️ service/internal/infrastructure/database.New.func1 | service: service-general
[2026-07-01 21:29:13.268] [INFO ] Cache initialized                                       | 📍 main.go:153 | environment: debug | ⚙️ main.main | host: redis | port: 6379 | service: service-general
[2026-07-01 21:29:13.269] [INFO ] Creating authentication providers                       | auth_type: hybrid | 📍 provider.go:69 | environment: debug | fallback_to: jwt | ⚙️ service/internal/infrastructure/transport/http/middleware.(*ProviderFactory).CreateProviders | keycloak_enabled: true | keycloak_issuer: https://auth.rssa.top/realms/Dev | service: service-general | static_tokens_len: 4
[2026-07-01 21:29:13.269] [INFO ] Keycloak provider added for hybrid                      | 📍 provider.go:97 | environment: debug | ⚙️ service/internal/infrastructure/transport/http/middleware.(*ProviderFactory).CreateProviders | service: service-general
[2026-07-01 21:29:13.270] [INFO ] Application started successfully                        | 📍 main.go:420 | environment: debug | ⚙️ main.main | service: service-general
[2026-07-01 21:29:13.270] [INFO ] gRPC Server running                                     | 📍 main.go:386 | environment: debug | ⚙️ main.main.func2 | port: 8872 | service: service-general
[2026-07-01 21:29:13.270] [INFO ] REST API running                                        | 📍 main.go:359 | environment: debug | ⚙️ main.main.func1 | port: 8871 | service: service-general
[2026-07-01 21:29:29.940] [INFO ] Application starting                                    | 📍 main.go:93 | environment: debug | ⚙️ main.main | log_level: debug | service: service-general
[2026-07-01 21:29:29.940] [DEBUG] Config loaded                                           | cache_enabled: true | 📍 main.go:108 | database_count: 1 | environment: debug | ⚙️ main.main | server_mode: debug | service: service-general
[2026-07-01 21:29:29.940] [INFO ] Minio Object Storage client initialized                 | 📍 main.go:120 | environment: debug | ⚙️ main.main | service: service-general
[2026-07-01 21:29:29.940] [INFO ] Initializing database service with GORM as primary abstraction... | 📍 database.go:192 | environment: debug | ⚙️ service/internal/infrastructure/database.New.func1 | service: service-general
[2026-07-01 21:29:29.949] [INFO ] Successfully connected and configured GORM for database | 📍 database.go:384 | db_name: default | environment: debug | ⚙️ service/internal/infrastructure/database.(*service).addDatabase | service: service-general
[2026-07-01 21:29:29.949] [INFO ] Successfully connected to database                      | 📍 database.go:203 | db_name: default | environment: debug | ⚙️ service/internal/infrastructure/database.New.func1 | service: service-general
[2026-07-01 21:29:29.950] [INFO ] Cache initialized                                       | 📍 main.go:153 | environment: debug | ⚙️ main.main | host: redis | port: 6379 | service: service-general
[2026-07-01 21:29:29.951] [INFO ] Creating authentication providers                       | auth_type: hybrid | 📍 provider.go:69 | environment: debug | fallback_to: jwt | ⚙️ service/internal/infrastructure/transport/http/middleware.(*ProviderFactory).CreateProviders | keycloak_enabled: true | keycloak_issuer: https://auth.rssa.top/realms/Dev | service: service-general | static_tokens_len: 4
[2026-07-01 21:29:29.951] [INFO ] Keycloak provider added for hybrid                      | 📍 provider.go:97 | environment: debug | ⚙️ service/internal/infrastructure/transport/http/middleware.(*ProviderFactory).CreateProviders | service: service-general
[2026-07-01 21:29:29.952] [INFO ] Application started successfully                        | 📍 main.go:420 | environment: debug | ⚙️ main.main | service: service-general
[2026-07-01 21:29:29.952] [INFO ] gRPC Server running                                     | 📍 main.go:386 | environment: debug | ⚙️ main.main.func2 | port: 8872 | service: service-general
[2026-07-01 21:29:29.952] [INFO ] REST API running                                        | 📍 main.go:359 | environment: debug | ⚙️ main.main.func1 | port: 8871 | service: service-general
[2026-07-01 21:29:44.587] [INFO ] Application starting                                    | 📍 main.go:93 | environment: debug | ⚙️ main.main | log_level: debug | service: service-general
[2026-07-01 21:29:44.587] [DEBUG] Config loaded                                           | cache_enabled: true | 📍 main.go:108 | database_count: 1 | environment: debug | ⚙️ main.main | server_mode: debug | service: service-general
[2026-07-01 21:29:44.587] [INFO ] Minio Object Storage client initialized                 | 📍 main.go:120 | environment: debug | ⚙️ main.main | service: service-general
[2026-07-01 21:29:44.587] [INFO ] Initializing database service with GORM as primary abstraction... | 📍 database.go:192 | environment: debug | ⚙️ service/internal/infrastructure/database.New.func1 | service: service-general
[2026-07-01 21:29:44.595] [INFO ] Successfully connected and configured GORM for database | 📍 database.go:384 | db_name: default | environment: debug | ⚙️ service/internal/infrastructure/database.(*service).addDatabase | service: service-general
[2026-07-01 21:29:44.595] [INFO ] Successfully connected to database                      | 📍 database.go:203 | db_name: default | environment: debug | ⚙️ service/internal/infrastructure/database.New.func1 | service: service-general
[2026-07-01 21:29:44.597] [INFO ] Cache initialized                                       | 📍 main.go:153 | environment: debug | ⚙️ main.main | host: redis | port: 6379 | service: service-general
[2026-07-01 21:29:44.597] [INFO ] Creating authentication providers                       | auth_type: hybrid | 📍 provider.go:69 | environment: debug | fallback_to: jwt | ⚙️ service/internal/infrastructure/transport/http/middleware.(*ProviderFactory).CreateProviders | keycloak_enabled: true | keycloak_issuer: https://auth.rssa.top/realms/Dev | service: service-general | static_tokens_len: 4
[2026-07-01 21:29:44.597] [INFO ] Keycloak provider added for hybrid                      | 📍 provider.go:97 | environment: debug | ⚙️ service/internal/infrastructure/transport/http/middleware.(*ProviderFactory).CreateProviders | service: service-general
[2026-07-01 21:29:44.598] [INFO ] Application started successfully                        | 📍 main.go:420 | environment: debug | ⚙️ main.main | service: service-general
[2026-07-01 21:29:44.598] [INFO ] REST API running                                        | 📍 main.go:359 | environment: debug | ⚙️ main.main.func1 | port: 8871 | service: service-general
[2026-07-01 21:29:44.598] [INFO ] gRPC Server running                                     | 📍 main.go:386 | environment: debug | ⚙️ main.main.func2 | port: 8872 | service: service-general
[2026-07-01 21:29:59.173] [INFO ] Application starting                                    | 📍 main.go:93 | environment: debug | ⚙️ main.main | log_level: debug | service: service-general
[2026-07-01 21:29:59.173] [DEBUG] Config loaded                                           | cache_enabled: true | 📍 main.go:108 | database_count: 1 | environment: debug | ⚙️ main.main | server_mode: debug | service: service-general
[2026-07-01 21:29:59.174] [INFO ] Minio Object Storage client initialized                 | 📍 main.go:120 | environment: debug | ⚙️ main.main | service: service-general
[2026-07-01 21:29:59.174] [INFO ] Initializing database service with GORM as primary abstraction... | 📍 database.go:192 | environment: debug | ⚙️ service/internal/infrastructure/database.New.func1 | service: service-general
[2026-07-01 21:29:59.183] [INFO ] Successfully connected and configured GORM for database | 📍 database.go:384 | db_name: default | environment: debug | ⚙️ service/internal/infrastructure/database.(*service).addDatabase | service: service-general
[2026-07-01 21:29:59.183] [INFO ] Successfully connected to database                      | 📍 database.go:203 | db_name: default | environment: debug | ⚙️ service/internal/infrastructure/database.New.func1 | service: service-general
[2026-07-01 21:29:59.185] [INFO ] Cache initialized                                       | 📍 main.go:153 | environment: debug | ⚙️ main.main | host: redis | port: 6379 | service: service-general
[2026-07-01 21:29:59.186] [INFO ] Creating authentication providers                       | auth_type: hybrid | 📍 provider.go:69 | environment: debug | fallback_to: jwt | ⚙️ service/internal/infrastructure/transport/http/middleware.(*ProviderFactory).CreateProviders | keycloak_enabled: true | keycloak_issuer: https://auth.rssa.top/realms/Dev | service: service-general | static_tokens_len: 4
[2026-07-01 21:29:59.186] [INFO ] Keycloak provider added for hybrid                      | 📍 provider.go:97 | environment: debug | ⚙️ service/internal/infrastructure/transport/http/middleware.(*ProviderFactory).CreateProviders | service: service-general
[2026-07-01 21:29:59.187] [INFO ] Application started successfully                        | 📍 main.go:420 | environment: debug | ⚙️ main.main | service: service-general
[2026-07-01 21:29:59.187] [INFO ] gRPC Server running                                     | 📍 main.go:386 | environment: debug | ⚙️ main.main.func2 | port: 8872 | service: service-general
[2026-07-01 21:29:59.187] [INFO ] REST API running                                        | 📍 main.go:359 | environment: debug | ⚙️ main.main.func1 | port: 8871 | service: service-general
[2026-07-01 21:30:16.852] [INFO ] Application starting                                    | 📍 main.go:93 | environment: debug | ⚙️ main.main | log_level: debug | service: service-general
[2026-07-01 21:30:16.852] [DEBUG] Config loaded                                           | cache_enabled: true | 📍 main.go:108 | database_count: 1 | environment: debug | ⚙️ main.main | server_mode: debug | service: service-general
[2026-07-01 21:30:16.852] [INFO ] Minio Object Storage client initialized                 | 📍 main.go:120 | environment: debug | ⚙️ main.main | service: service-general
[2026-07-01 21:30:16.852] [INFO ] Initializing database service with GORM as primary abstraction... | 📍 database.go:192 | environment: debug | ⚙️ service/internal/infrastructure/database.New.func1 | service: service-general
[2026-07-01 21:30:16.860] [INFO ] Successfully connected and configured GORM for database | 📍 database.go:384 | db_name: default | environment: debug | ⚙️ service/internal/infrastructure/database.(*service).addDatabase | service: service-general
[2026-07-01 21:30:16.860] [INFO ] Successfully connected to database                      | 📍 database.go:203 | db_name: default | environment: debug | ⚙️ service/internal/infrastructure/database.New.func1 | service: service-general
[2026-07-01 21:30:16.861] [INFO ] Cache initialized                                       | 📍 main.go:153 | environment: debug | ⚙️ main.main | host: redis | port: 6379 | service: service-general
[2026-07-01 21:30:16.862] [INFO ] Creating authentication providers                       | auth_type: hybrid | 📍 provider.go:69 | environment: debug | fallback_to: jwt | ⚙️ service/internal/infrastructure/transport/http/middleware.(*ProviderFactory).CreateProviders | keycloak_enabled: true | keycloak_issuer: https://auth.rssa.top/realms/Dev | service: service-general | static_tokens_len: 4
[2026-07-01 21:30:16.862] [INFO ] Keycloak provider added for hybrid                      | 📍 provider.go:97 | environment: debug | ⚙️ service/internal/infrastructure/transport/http/middleware.(*ProviderFactory).CreateProviders | service: service-general
[2026-07-01 21:30:16.863] [INFO ] Application started successfully                        | 📍 main.go:420 | environment: debug | ⚙️ main.main | service: service-general
[2026-07-01 21:30:16.863] [INFO ] gRPC Server running                                     | 📍 main.go:386 | environment: debug | ⚙️ main.main.func2 | port: 8872 | service: service-general
[2026-07-01 21:30:16.863] [INFO ] REST API running                                        | 📍 main.go:359 | environment: debug | ⚙️ main.main.func1 | port: 8871 | service: service-general
[2026-07-01 21:30:32.661] [INFO ] Application starting                                    | 📍 main.go:93 | environment: debug | ⚙️ main.main | log_level: debug | service: service-general
[2026-07-01 21:30:32.662] [DEBUG] Config loaded                                           | cache_enabled: true | 📍 main.go:108 | database_count: 1 | environment: debug | ⚙️ main.main | server_mode: debug | service: service-general
[2026-07-01 21:30:32.662] [INFO ] Minio Object Storage client initialized                 | 📍 main.go:120 | environment: debug | ⚙️ main.main | service: service-general
[2026-07-01 21:30:32.662] [INFO ] Initializing database service with GORM as primary abstraction... | 📍 database.go:192 | environment: debug | ⚙️ service/internal/infrastructure/database.New.func1 | service: service-general
[2026-07-01 21:30:32.672] [INFO ] Successfully connected and configured GORM for database | 📍 database.go:384 | db_name: default | environment: debug | ⚙️ service/internal/infrastructure/database.(*service).addDatabase | service: service-general
[2026-07-01 21:30:32.672] [INFO ] Successfully connected to database                      | 📍 database.go:203 | db_name: default | environment: debug | ⚙️ service/internal/infrastructure/database.New.func1 | service: service-general
[2026-07-01 21:30:32.674] [INFO ] Cache initialized                                       | 📍 main.go:153 | environment: debug | ⚙️ main.main | host: redis | port: 6379 | service: service-general
[2026-07-01 21:30:32.674] [INFO ] Creating authentication providers                       | auth_type: hybrid | 📍 provider.go:69 | environment: debug | fallback_to: jwt | ⚙️ service/internal/infrastructure/transport/http/middleware.(*ProviderFactory).CreateProviders | keycloak_enabled: true | keycloak_issuer: https://auth.rssa.top/realms/Dev | service: service-general | static_tokens_len: 4
[2026-07-01 21:30:32.674] [INFO ] Keycloak provider added for hybrid                      | 📍 provider.go:97 | environment: debug | ⚙️ service/internal/infrastructure/transport/http/middleware.(*ProviderFactory).CreateProviders | service: service-general
[2026-07-01 21:30:32.675] [INFO ] Application started successfully                        | 📍 main.go:420 | environment: debug | ⚙️ main.main | service: service-general
[2026-07-01 21:30:32.676] [INFO ] gRPC Server running                                     | 📍 main.go:386 | environment: debug | ⚙️ main.main.func2 | port: 8872 | service: service-general
[2026-07-01 21:30:32.676] [INFO ] REST API running                                        | 📍 main.go:359 | environment: debug | ⚙️ main.main.func1 | port: 8871 | service: service-general
[2026-07-01 21:30:53.928] [INFO ] Application starting                                    | 📍 main.go:93 | environment: debug | ⚙️ main.main | log_level: debug | service: service-general
[2026-07-01 21:30:53.928] [DEBUG] Config loaded                                           | cache_enabled: true | 📍 main.go:108 | database_count: 1 | environment: debug | ⚙️ main.main | server_mode: debug | service: service-general
[2026-07-01 21:30:53.928] [INFO ] Minio Object Storage client initialized                 | 📍 main.go:120 | environment: debug | ⚙️ main.main | service: service-general
[2026-07-01 21:30:53.928] [INFO ] Initializing database service with GORM as primary abstraction... | 📍 database.go:192 | environment: debug | ⚙️ service/internal/infrastructure/database.New.func1 | service: service-general
[2026-07-01 21:30:53.938] [INFO ] Successfully connected and configured GORM for database | 📍 database.go:384 | db_name: default | environment: debug | ⚙️ service/internal/infrastructure/database.(*service).addDatabase | service: service-general
[2026-07-01 21:30:53.938] [INFO ] Successfully connected to database                      | 📍 database.go:203 | db_name: default | environment: debug | ⚙️ service/internal/infrastructure/database.New.func1 | service: service-general
[2026-07-01 21:30:53.941] [INFO ] Cache initialized                                       | 📍 main.go:153 | environment: debug | ⚙️ main.main | host: redis | port: 6379 | service: service-general
[2026-07-01 21:30:53.941] [INFO ] Creating authentication providers                       | auth_type: hybrid | 📍 provider.go:69 | environment: debug | fallback_to: jwt | ⚙️ service/internal/infrastructure/transport/http/middleware.(*ProviderFactory).CreateProviders | keycloak_enabled: true | keycloak_issuer: https://auth.rssa.top/realms/Dev | service: service-general | static_tokens_len: 4
[2026-07-01 21:30:53.942] [INFO ] Keycloak provider added for hybrid                      | 📍 provider.go:97 | environment: debug | ⚙️ service/internal/infrastructure/transport/http/middleware.(*ProviderFactory).CreateProviders | service: service-general
[2026-07-01 21:30:53.943] [INFO ] REST API running                                        | 📍 main.go:359 | environment: debug | ⚙️ main.main.func1 | port: 8871 | service: service-general
[2026-07-01 21:30:53.943] [INFO ] Application started successfully                        | 📍 main.go:420 | environment: debug | ⚙️ main.main | service: service-general
[2026-07-01 21:30:53.943] [INFO ] gRPC Server running                                     | 📍 main.go:386 | environment: debug | ⚙️ main.main.func2 | port: 8872 | service: service-general
[2026-07-01 21:31:08.441] [INFO ] Application starting                                    | 📍 main.go:93 | environment: debug | ⚙️ main.main | log_level: debug | service: service-general
[2026-07-01 21:31:08.442] [DEBUG] Config loaded                                           | cache_enabled: true | 📍 main.go:108 | database_count: 1 | environment: debug | ⚙️ main.main | server_mode: debug | service: service-general
[2026-07-01 21:31:08.442] [INFO ] Minio Object Storage client initialized                 | 📍 main.go:120 | environment: debug | ⚙️ main.main | service: service-general
[2026-07-01 21:31:08.442] [INFO ] Initializing database service with GORM as primary abstraction... | 📍 database.go:192 | environment: debug | ⚙️ service/internal/infrastructure/database.New.func1 | service: service-general
[2026-07-01 21:31:08.454] [INFO ] Successfully connected and configured GORM for database | 📍 database.go:384 | db_name: default | environment: debug | ⚙️ service/internal/infrastructure/database.(*service).addDatabase | service: service-general
[2026-07-01 21:31:08.454] [INFO ] Successfully connected to database                      | 📍 database.go:203 | db_name: default | environment: debug | ⚙️ service/internal/infrastructure/database.New.func1 | service: service-general
[2026-07-01 21:31:08.457] [INFO ] Cache initialized                                       | 📍 main.go:153 | environment: debug | ⚙️ main.main | host: redis | port: 6379 | service: service-general
[2026-07-01 21:31:08.458] [INFO ] Creating authentication providers                       | auth_type: hybrid | 📍 provider.go:69 | environment: debug | fallback_to: jwt | ⚙️ service/internal/infrastructure/transport/http/middleware.(*ProviderFactory).CreateProviders | keycloak_enabled: true | keycloak_issuer: https://auth.rssa.top/realms/Dev | service: service-general | static_tokens_len: 4
[2026-07-01 21:31:08.458] [INFO ] Keycloak provider added for hybrid                      | 📍 provider.go:97 | environment: debug | ⚙️ service/internal/infrastructure/transport/http/middleware.(*ProviderFactory).CreateProviders | service: service-general
[2026-07-01 21:31:08.460] [INFO ] REST API running                                        | 📍 main.go:359 | environment: debug | ⚙️ main.main.func1 | port: 8871 | service: service-general
[2026-07-01 21:31:08.460] [INFO ] Application started successfully                        | 📍 main.go:420 | environment: debug | ⚙️ main.main | service: service-general
[2026-07-01 21:31:08.460] [INFO ] gRPC Server running                                     | 📍 main.go:386 | environment: debug | ⚙️ main.main.func2 | port: 8872 | service: service-general
[2026-07-01 21:31:20.756] [INFO ] Application starting                                    | 📍 main.go:93 | environment: debug | ⚙️ main.main | log_level: debug | service: service-general
[2026-07-01 21:31:20.757] [DEBUG] Config loaded                                           | cache_enabled: true | 📍 main.go:108 | database_count: 1 | environment: debug | ⚙️ main.main | server_mode: debug | service: service-general
[2026-07-01 21:31:20.757] [INFO ] Minio Object Storage client initialized                 | 📍 main.go:120 | environment: debug | ⚙️ main.main | service: service-general
[2026-07-01 21:31:20.757] [INFO ] Initializing database service with GORM as primary abstraction... | 📍 database.go:192 | environment: debug | ⚙️ service/internal/infrastructure/database.New.func1 | service: service-general
[2026-07-01 21:31:20.765] [INFO ] Successfully connected and configured GORM for database | 📍 database.go:384 | db_name: default | environment: debug | ⚙️ service/internal/infrastructure/database.(*service).addDatabase | service: service-general
[2026-07-01 21:31:20.765] [INFO ] Successfully connected to database                      | 📍 database.go:203 | db_name: default | environment: debug | ⚙️ service/internal/infrastructure/database.New.func1 | service: service-general
[2026-07-01 21:31:20.766] [INFO ] Cache initialized                                       | 📍 main.go:153 | environment: debug | ⚙️ main.main | host: redis | port: 6379 | service: service-general
[2026-07-01 21:31:20.767] [INFO ] Creating authentication providers                       | auth_type: hybrid | 📍 provider.go:69 | environment: debug | fallback_to: jwt | ⚙️ service/internal/infrastructure/transport/http/middleware.(*ProviderFactory).CreateProviders | keycloak_enabled: true | keycloak_issuer: https://auth.rssa.top/realms/Dev | service: service-general | static_tokens_len: 4
[2026-07-01 21:31:20.767] [INFO ] Keycloak provider added for hybrid                      | 📍 provider.go:97 | environment: debug | ⚙️ service/internal/infrastructure/transport/http/middleware.(*ProviderFactory).CreateProviders | service: service-general
[2026-07-01 21:31:20.768] [INFO ] Application started successfully                        | 📍 main.go:420 | environment: debug | ⚙️ main.main | service: service-general
[2026-07-01 21:31:20.768] [INFO ] gRPC Server running                                     | 📍 main.go:386 | environment: debug | ⚙️ main.main.func2 | port: 8872 | service: service-general
[2026-07-01 21:31:20.768] [INFO ] REST API running                                        | 📍 main.go:359 | environment: debug | ⚙️ main.main.func1 | port: 8871 | service: service-general
[2026-07-01 21:31:33.624] [INFO ] Application starting                                    | 📍 main.go:93 | environment: debug | ⚙️ main.main | log_level: debug | service: service-general
[2026-07-01 21:31:33.625] [DEBUG] Config loaded                                           | cache_enabled: true | 📍 main.go:108 | database_count: 1 | environment: debug | ⚙️ main.main | server_mode: debug | service: service-general
[2026-07-01 21:31:33.625] [INFO ] Minio Object Storage client initialized                 | 📍 main.go:120 | environment: debug | ⚙️ main.main | service: service-general
[2026-07-01 21:31:33.625] [INFO ] Initializing database service with GORM as primary abstraction... | 📍 database.go:192 | environment: debug | ⚙️ service/internal/infrastructure/database.New.func1 | service: service-general
[2026-07-01 21:31:33.634] [INFO ] Successfully connected and configured GORM for database | 📍 database.go:384 | db_name: default | environment: debug | ⚙️ service/internal/infrastructure/database.(*service).addDatabase | service: service-general
[2026-07-01 21:31:33.634] [INFO ] Successfully connected to database                      | 📍 database.go:203 | db_name: default | environment: debug | ⚙️ service/internal/infrastructure/database.New.func1 | service: service-general
[2026-07-01 21:31:33.637] [INFO ] Cache initialized                                       | 📍 main.go:153 | environment: debug | ⚙️ main.main | host: redis | port: 6379 | service: service-general
[2026-07-01 21:31:33.638] [INFO ] Creating authentication providers                       | auth_type: hybrid | 📍 provider.go:69 | environment: debug | fallback_to: jwt | ⚙️ service/internal/infrastructure/transport/http/middleware.(*ProviderFactory).CreateProviders | keycloak_enabled: true | keycloak_issuer: https://auth.rssa.top/realms/Dev | service: service-general | static_tokens_len: 4
[2026-07-01 21:31:33.639] [INFO ] Keycloak provider added for hybrid                      | 📍 provider.go:97 | environment: debug | ⚙️ service/internal/infrastructure/transport/http/middleware.(*ProviderFactory).CreateProviders | service: service-general
[2026-07-01 21:31:33.640] [INFO ] REST API running                                        | 📍 main.go:359 | environment: debug | ⚙️ main.main.func1 | port: 8871 | service: service-general
[2026-07-01 21:31:33.640] [INFO ] gRPC Server running                                     | 📍 main.go:386 | environment: debug | ⚙️ main.main.func2 | port: 8872 | service: service-general
[2026-07-01 21:31:33.641] [INFO ] Application started successfully                        | 📍 main.go:420 | environment: debug | ⚙️ main.main | service: service-general
[2026-07-01 21:31:44.867] [INFO ] Application starting                                    | 📍 main.go:93 | environment: debug | ⚙️ main.main | log_level: debug | service: service-general
[2026-07-01 21:31:44.867] [DEBUG] Config loaded                                           | cache_enabled: true | 📍 main.go:108 | database_count: 1 | environment: debug | ⚙️ main.main | server_mode: debug | service: service-general
[2026-07-01 21:31:44.867] [INFO ] Minio Object Storage client initialized                 | 📍 main.go:120 | environment: debug | ⚙️ main.main | service: service-general
[2026-07-01 21:31:44.867] [INFO ] Initializing database service with GORM as primary abstraction... | 📍 database.go:192 | environment: debug | ⚙️ service/internal/infrastructure/database.New.func1 | service: service-general
[2026-07-01 21:31:44.875] [INFO ] Successfully connected and configured GORM for database | 📍 database.go:384 | db_name: default | environment: debug | ⚙️ service/internal/infrastructure/database.(*service).addDatabase | service: service-general
[2026-07-01 21:31:44.876] [INFO ] Successfully connected to database                      | 📍 database.go:203 | db_name: default | environment: debug | ⚙️ service/internal/infrastructure/database.New.func1 | service: service-general
[2026-07-01 21:31:44.877] [INFO ] Cache initialized                                       | 📍 main.go:153 | environment: debug | ⚙️ main.main | host: redis | port: 6379 | service: service-general
[2026-07-01 21:31:44.877] [INFO ] Creating authentication providers                       | auth_type: hybrid | 📍 provider.go:69 | environment: debug | fallback_to: jwt | ⚙️ service/internal/infrastructure/transport/http/middleware.(*ProviderFactory).CreateProviders | keycloak_enabled: true | keycloak_issuer: https://auth.rssa.top/realms/Dev | service: service-general | static_tokens_len: 4
[2026-07-01 21:31:44.877] [INFO ] Keycloak provider added for hybrid                      | 📍 provider.go:97 | environment: debug | ⚙️ service/internal/infrastructure/transport/http/middleware.(*ProviderFactory).CreateProviders | service: service-general
[2026-07-01 21:31:44.878] [INFO ] Application started successfully                        | 📍 main.go:420 | environment: debug | ⚙️ main.main | service: service-general
[2026-07-01 21:31:44.878] [INFO ] gRPC Server running                                     | 📍 main.go:386 | environment: debug | ⚙️ main.main.func2 | port: 8872 | service: service-general
[2026-07-01 21:31:44.879] [INFO ] REST API running                                        | 📍 main.go:359 | environment: debug | ⚙️ main.main.func1 | port: 8871 | service: service-general
[2026-07-01 21:31:57.262] [INFO ] Application starting                                    | 📍 main.go:93 | environment: debug | ⚙️ main.main | log_level: debug | service: service-general
[2026-07-01 21:31:57.262] [DEBUG] Config loaded                                           | cache_enabled: true | 📍 main.go:108 | database_count: 1 | environment: debug | ⚙️ main.main | server_mode: debug | service: service-general
[2026-07-01 21:31:57.262] [INFO ] Minio Object Storage client initialized                 | 📍 main.go:120 | environment: debug | ⚙️ main.main | service: service-general
[2026-07-01 21:31:57.262] [INFO ] Initializing database service with GORM as primary abstraction... | 📍 database.go:192 | environment: debug | ⚙️ service/internal/infrastructure/database.New.func1 | service: service-general
[2026-07-01 21:31:57.272] [INFO ] Successfully connected and configured GORM for database | 📍 database.go:384 | db_name: default | environment: debug | ⚙️ service/internal/infrastructure/database.(*service).addDatabase | service: service-general
[2026-07-01 21:31:57.272] [INFO ] Successfully connected to database                      | 📍 database.go:203 | db_name: default | environment: debug | ⚙️ service/internal/infrastructure/database.New.func1 | service: service-general
[2026-07-01 21:31:57.275] [INFO ] Cache initialized                                       | 📍 main.go:153 | environment: debug | ⚙️ main.main | host: redis | port: 6379 | service: service-general
[2026-07-01 21:31:57.276] [INFO ] Creating authentication providers                       | auth_type: hybrid | 📍 provider.go:69 | environment: debug | fallback_to: jwt | ⚙️ service/internal/infrastructure/transport/http/middleware.(*ProviderFactory).CreateProviders | keycloak_enabled: true | keycloak_issuer: https://auth.rssa.top/realms/Dev | service: service-general | static_tokens_len: 4
[2026-07-01 21:31:57.276] [INFO ] Keycloak provider added for hybrid                      | 📍 provider.go:97 | environment: debug | ⚙️ service/internal/infrastructure/transport/http/middleware.(*ProviderFactory).CreateProviders | service: service-general
[2026-07-01 21:31:57.277] [INFO ] REST API running                                        | 📍 main.go:359 | environment: debug | ⚙️ main.main.func1 | port: 8871 | service: service-general
[2026-07-01 21:31:57.277] [INFO ] Application started successfully                        | 📍 main.go:420 | environment: debug | ⚙️ main.main | service: service-general
[2026-07-01 21:31:57.277] [INFO ] gRPC Server running                                     | 📍 main.go:386 | environment: debug | ⚙️ main.main.func2 | port: 8872 | service: service-general
[2026-07-01 21:32:09.787] [INFO ] Application starting                                    | 📍 main.go:93 | environment: debug | ⚙️ main.main | log_level: debug | service: service-general
[2026-07-01 21:32:09.788] [DEBUG] Config loaded                                           | cache_enabled: true | 📍 main.go:108 | database_count: 1 | environment: debug | ⚙️ main.main | server_mode: debug | service: service-general
[2026-07-01 21:32:09.788] [INFO ] Minio Object Storage client initialized                 | 📍 main.go:120 | environment: debug | ⚙️ main.main | service: service-general
[2026-07-01 21:32:09.788] [INFO ] Initializing database service with GORM as primary abstraction... | 📍 database.go:192 | environment: debug | ⚙️ service/internal/infrastructure/database.New.func1 | service: service-general
[2026-07-01 21:32:09.797] [INFO ] Successfully connected and configured GORM for database | 📍 database.go:384 | db_name: default | environment: debug | ⚙️ service/internal/infrastructure/database.(*service).addDatabase | service: service-general
[2026-07-01 21:32:09.797] [INFO ] Successfully connected to database                      | 📍 database.go:203 | db_name: default | environment: debug | ⚙️ service/internal/infrastructure/database.New.func1 | service: service-general
[2026-07-01 21:32:09.800] [INFO ] Cache initialized                                       | 📍 main.go:153 | environment: debug | ⚙️ main.main | host: redis | port: 6379 | service: service-general
[2026-07-01 21:32:09.801] [INFO ] Creating authentication providers                       | auth_type: hybrid | 📍 provider.go:69 | environment: debug | fallback_to: jwt | ⚙️ service/internal/infrastructure/transport/http/middleware.(*ProviderFactory).CreateProviders | keycloak_enabled: true | keycloak_issuer: https://auth.rssa.top/realms/Dev | service: service-general | static_tokens_len: 4
[2026-07-01 21:32:09.801] [INFO ] Keycloak provider added for hybrid                      | 📍 provider.go:97 | environment: debug | ⚙️ service/internal/infrastructure/transport/http/middleware.(*ProviderFactory).CreateProviders | service: service-general
[2026-07-01 21:32:09.803] [INFO ] REST API running                                        | 📍 main.go:359 | environment: debug | ⚙️ main.main.func1 | port: 8871 | service: service-general
[2026-07-01 21:32:09.803] [INFO ] Application started successfully                        | 📍 main.go:420 | environment: debug | ⚙️ main.main | service: service-general
[2026-07-01 21:32:09.803] [INFO ] gRPC Server running                                     | 📍 main.go:386 | environment: debug | ⚙️ main.main.func2 | port: 8872 | service: service-general
[2026-07-01 21:32:18.090] [INFO ] Application starting                                    | 📍 main.go:93 | environment: debug | ⚙️ main.main | log_level: debug | service: service-general
[2026-07-01 21:32:18.091] [DEBUG] Config loaded                                           | cache_enabled: true | 📍 main.go:108 | database_count: 1 | environment: debug | ⚙️ main.main | server_mode: debug | service: service-general
[2026-07-01 21:32:18.091] [INFO ] Minio Object Storage client initialized                 | 📍 main.go:120 | environment: debug | ⚙️ main.main | service: service-general
[2026-07-01 21:32:18.091] [INFO ] Initializing database service with GORM as primary abstraction... | 📍 database.go:192 | environment: debug | ⚙️ service/internal/infrastructure/database.New.func1 | service: service-general
[2026-07-01 21:32:18.099] [INFO ] Successfully connected and configured GORM for database | 📍 database.go:384 | db_name: default | environment: debug | ⚙️ service/internal/infrastructure/database.(*service).addDatabase | service: service-general
[2026-07-01 21:32:18.099] [INFO ] Successfully connected to database                      | 📍 database.go:203 | db_name: default | environment: debug | ⚙️ service/internal/infrastructure/database.New.func1 | service: service-general
[2026-07-01 21:32:18.100] [INFO ] Cache initialized                                       | 📍 main.go:153 | environment: debug | ⚙️ main.main | host: redis | port: 6379 | service: service-general
[2026-07-01 21:32:18.101] [INFO ] Creating authentication providers                       | auth_type: hybrid | 📍 provider.go:69 | environment: debug | fallback_to: jwt | ⚙️ service/internal/infrastructure/transport/http/middleware.(*ProviderFactory).CreateProviders | keycloak_enabled: true | keycloak_issuer: https://auth.rssa.top/realms/Dev | service: service-general | static_tokens_len: 4
[2026-07-01 21:32:18.101] [INFO ] Keycloak provider added for hybrid                      | 📍 provider.go:97 | environment: debug | ⚙️ service/internal/infrastructure/transport/http/middleware.(*ProviderFactory).CreateProviders | service: service-general
[2026-07-01 21:32:18.103] [INFO ] Application started successfully                        | 📍 main.go:420 | environment: debug | ⚙️ main.main | service: service-general
[2026-07-01 21:32:18.103] [INFO ] gRPC Server running                                     | 📍 main.go:386 | environment: debug | ⚙️ main.main.func2 | port: 8872 | service: service-general
[2026-07-01 21:32:18.103] [INFO ] REST API running                                        | 📍 main.go:359 | environment: debug | ⚙️ main.main.func1 | port: 8871 | service: service-general
[2026-07-01 21:32:30.833] [INFO ] Application starting                                    | 📍 main.go:93 | environment: debug | ⚙️ main.main | log_level: debug | service: service-general
[2026-07-01 21:32:30.834] [DEBUG] Config loaded                                           | cache_enabled: true | 📍 main.go:108 | database_count: 1 | environment: debug | ⚙️ main.main | server_mode: debug | service: service-general
[2026-07-01 21:32:30.834] [INFO ] Minio Object Storage client initialized                 | 📍 main.go:120 | environment: debug | ⚙️ main.main | service: service-general
[2026-07-01 21:32:30.834] [INFO ] Initializing database service with GORM as primary abstraction... | 📍 database.go:192 | environment: debug | ⚙️ service/internal/infrastructure/database.New.func1 | service: service-general
[2026-07-01 21:32:30.841] [INFO ] Successfully connected and configured GORM for database | 📍 database.go:384 | db_name: default | environment: debug | ⚙️ service/internal/infrastructure/database.(*service).addDatabase | service: service-general
[2026-07-01 21:32:30.841] [INFO ] Successfully connected to database                      | 📍 database.go:203 | db_name: default | environment: debug | ⚙️ service/internal/infrastructure/database.New.func1 | service: service-general
[2026-07-01 21:32:30.843] [INFO ] Cache initialized                                       | 📍 main.go:153 | environment: debug | ⚙️ main.main | host: redis | port: 6379 | service: service-general
[2026-07-01 21:32:30.843] [INFO ] Creating authentication providers                       | auth_type: hybrid | 📍 provider.go:69 | environment: debug | fallback_to: jwt | ⚙️ service/internal/infrastructure/transport/http/middleware.(*ProviderFactory).CreateProviders | keycloak_enabled: true | keycloak_issuer: https://auth.rssa.top/realms/Dev | service: service-general | static_tokens_len: 4
[2026-07-01 21:32:30.843] [INFO ] Keycloak provider added for hybrid                      | 📍 provider.go:97 | environment: debug | ⚙️ service/internal/infrastructure/transport/http/middleware.(*ProviderFactory).CreateProviders | service: service-general
[2026-07-01 21:32:30.845] [INFO ] REST API running                                        | 📍 main.go:359 | environment: debug | ⚙️ main.main.func1 | port: 8871 | service: service-general
[2026-07-01 21:32:30.845] [INFO ] Application started successfully                        | 📍 main.go:420 | environment: debug | ⚙️ main.main | service: service-general
[2026-07-01 21:32:30.845] [INFO ] gRPC Server running                                     | 📍 main.go:386 | environment: debug | ⚙️ main.main.func2 | port: 8872 | service: service-general
[2026-07-01 21:32:42.322] [INFO ] Application starting                                    | 📍 main.go:95 | environment: debug | ⚙️ main.main | log_level: debug | service: service-general
[2026-07-01 21:32:42.322] [DEBUG] Config loaded                                           | cache_enabled: true | 📍 main.go:110 | database_count: 1 | environment: debug | ⚙️ main.main | server_mode: debug | service: service-general
[2026-07-01 21:32:42.322] [INFO ] Minio Object Storage client initialized                 | 📍 main.go:122 | environment: debug | ⚙️ main.main | service: service-general
[2026-07-01 21:32:42.322] [INFO ] Initializing database service with GORM as primary abstraction... | 📍 database.go:192 | environment: debug | ⚙️ service/internal/infrastructure/database.New.func1 | service: service-general
[2026-07-01 21:32:42.333] [INFO ] Successfully connected and configured GORM for database | 📍 database.go:384 | db_name: default | environment: debug | ⚙️ service/internal/infrastructure/database.(*service).addDatabase | service: service-general
[2026-07-01 21:32:42.333] [INFO ] Successfully connected to database                      | 📍 database.go:203 | db_name: default | environment: debug | ⚙️ service/internal/infrastructure/database.New.func1 | service: service-general
[2026-07-01 21:32:42.336] [INFO ] Cache initialized                                       | 📍 main.go:155 | environment: debug | ⚙️ main.main | host: redis | port: 6379 | service: service-general
[2026-07-01 21:32:42.337] [INFO ] Creating authentication providers                       | auth_type: hybrid | 📍 provider.go:69 | environment: debug | fallback_to: jwt | ⚙️ service/internal/infrastructure/transport/http/middleware.(*ProviderFactory).CreateProviders | keycloak_enabled: true | keycloak_issuer: https://auth.rssa.top/realms/Dev | service: service-general | static_tokens_len: 4
[2026-07-01 21:32:42.337] [INFO ] Keycloak provider added for hybrid                      | 📍 provider.go:97 | environment: debug | ⚙️ service/internal/infrastructure/transport/http/middleware.(*ProviderFactory).CreateProviders | service: service-general
[2026-07-01 21:32:42.340] [INFO ] REST API running                                        | 📍 main.go:369 | environment: debug | ⚙️ main.main.func1 | port: 8871 | service: service-general
[2026-07-01 21:32:42.341] [INFO ] Application started successfully                        | 📍 main.go:430 | environment: debug | ⚙️ main.main | service: service-general
[2026-07-01 21:32:42.341] [INFO ] gRPC Server running                                     | 📍 main.go:396 | environment: debug | ⚙️ main.main.func2 | port: 8872 | service: service-general
